<?xml version="1.0" encoding="UTF-8"?>
<!-- Generated by org.testng.reporters.JUnitReportReporter -->
<testsuite hostname="NANDU" name="com.DataDriven.NewTours_Registration" tests="2" failures="0" timestamp="16 Jul 2018 23:02:44 GMT" time="5.162" errors="0">
  <testcase name="register" time="0.474" classname="com.DataDriven.NewTours_Registration"/>
  <testcase name="UserRegistration" time="4.688" classname="com.DataDriven.NewTours_Registration"/>
</testsuite> <!-- com.DataDriven.NewTours_Registration -->
