<?xml version="1.0" encoding="UTF-8"?>
<!-- Generated by org.testng.reporters.JUnitReportReporter -->
<testsuite hostname="NANDU" name="com.Annotations.New_Tours_Application_LogIn_Testing" tests="1" failures="0" timestamp="16 Jul 2018 22:42:30 GMT" time="25.915" errors="0">
  <testcase name="Login" time="25.915" classname="com.Annotations.New_Tours_Application_LogIn_Testing"/>
</testsuite> <!-- com.Annotations.New_Tours_Application_LogIn_Testing -->
