<?xml version="1.0" encoding="UTF-8"?>
<!-- Generated by org.testng.reporters.JUnitReportReporter -->
<testsuite hostname="NANDU" name="com.Annotations.Annotations2" tests="2" failures="0" timestamp="16 Jul 2018 22:18:34 GMT" time="0.011" errors="0">
  <testcase name="Inbox" time="0.008" classname="com.Annotations.Annotations2"/>
  <testcase name="Composemail" time="0.003" classname="com.Annotations.Annotations2"/>
</testsuite> <!-- com.Annotations.Annotations2 -->
