<?xml version="1.0" encoding="UTF-8"?>
<!-- Generated by org.testng.reporters.JUnitReportReporter -->
<testsuite hostname="NANDU" name="com.Annotations.Annotations1" tests="4" failures="0" timestamp="16 Jul 2018 22:11:38 GMT" time="0.026" errors="0">
  <testcase name="Inbox" time="0.004" classname="com.Annotations.Annotations1"/>
  <testcase name="launch" time="0.017" classname="com.Annotations.Annotations1"/>
  <testcase name="Composemail" time="0.002" classname="com.Annotations.Annotations1"/>
  <testcase name="LogIn" time="0.003" classname="com.Annotations.Annotations1"/>
</testsuite> <!-- com.Annotations.Annotations1 -->
