<?xml version="1.0" encoding="UTF-8"?>
<!-- Generated by org.testng.reporters.JUnitReportReporter -->
<testsuite hostname="NANDU" name="com.KeyWord.NewTours_LoginTest" tests="1" failures="0" timestamp="17 Jul 2018 05:44:21 GMT" time="7.794" errors="0">
  <testcase name="LogIn" time="7.794" classname="com.KeyWord.NewTours_LoginTest"/>
</testsuite> <!-- com.KeyWord.NewTours_LoginTest -->
